<?xml version="1.0" encoding="UTF-8"?>
<!-- Generated by org.testng.reporters.JUnitXMLReporter -->
<testsuite ignored="0" hostname="DESKTOP-4SS2VID" failures="0" tests="0" time="0.034" errors="0" timestamp="2020-11-05T21:53:56 IST">
  <testcase classname="Academy.ValiDateNavigationBar" name="@BeforeTest initialize" time="0.012">
    <failure type="java.lang.Error" message="Unresolved compilation problem: 
	Syntax error, insert &amp;quot;) Statement&amp;quot; to complete IfStatement
">
      <![CDATA[java.lang.Error: Unresolved compilation problem: 
Syntax error, insert ") Statement" to complete IfStatement

at resources.Base.initializeDriver(Base.java:30)
at Academy.ValiDateNavigationBar.initialize(ValiDateNavigationBar.java:21)
at java.base/java.util.concurrent.FutureTask.run(Unknown Source)
at java.base/java.util.concurrent.ThreadPoolExecutor.runWorker(Unknown Source)
at java.base/java.util.concurrent.ThreadPoolExecutor$Worker.run(Unknown Source)
at java.base/java.lang.Thread.run(Unknown Source)
... Removed 15 stack frames]]>
    </failure>
  </testcase> <!-- @BeforeTest initialize -->
</testsuite>
