<?xml version="1.0" encoding="UTF-8"?>
<!-- Generated by org.testng.reporters.JUnitXMLReporter -->
<testsuite ignored="0" hostname="DESKTOP-4SS2VID" failures="1" tests="2" name="Test" time="118.274" errors="0" timestamp="2020-11-07T10:47:50 IST">
  <testcase classname="Academy.ValiDateTitle" name="validateAppTitle" time="0.988"/>
  <testcase classname="Academy.ValiDateTitle" name="validateHeader" time="0.157">
    <failure type="java.lang.AssertionError" message="expected [An Academy to learn Everything about Testing] but found [AN ACADEMY TO LEARN EVERYTHING ABOUT TESTING]">
      <![CDATA[java.lang.AssertionError: expected [An Academy to learn Everything about Testing] but found [AN ACADEMY TO LEARN EVERYTHING ABOUT TESTING]
at Academy.ValiDateTitle.validateHeader(ValiDateTitle.java:38)
at java.base/java.util.ArrayList.forEach(Unknown Source)
at java.base/java.util.concurrent.FutureTask.run(Unknown Source)
at java.base/java.util.concurrent.ThreadPoolExecutor.runWorker(Unknown Source)
at java.base/java.util.concurrent.ThreadPoolExecutor$Worker.run(Unknown Source)
at java.base/java.lang.Thread.run(Unknown Source)
... Removed 24 stack frames]]>
    </failure>
  </testcase> <!-- validateHeader -->
</testsuite> <!-- Test -->
